<?xml version="1.0" encoding="UTF-8"?>
<!-- Generated by org.testng.reporters.JUnitXMLReporter -->
<testsuite hostname="shamanthN" ignored="0" name="Test" tests="10" failures="0" timestamp="03 Oct 2018 13:19:00 GMT" time="350.364" errors="0">
  <testcase name="main" time="23.133" classname="Scripts.TestCase7"/>
  <testcase name="men" time="10.406" classname="Scripts.TestCase6"/>
  <testcase name="bag" time="9.024" classname="Scripts.TestCase9"/>
  <testcase name="kids" time="9.101" classname="Scripts.TestCase8"/>
  <testcase name="Wistlist" time="40.85" classname="Scripts.TestCase3"/>
  <testcase name="Track" time="20.566" classname="Scripts.TestCase2"/>
  <testcase name="SelectShoe" time="14.288" classname="Scripts.TestCase5"/>
  <testcase name="style" time="15.869" classname="Scripts.TestCase4"/>
  <testcase name="Login" time="9.005" classname="Scripts.TestCase1"/>
  <testcase name="homeandliving" time="11.708" classname="Scripts.TestCase10"/>
</testsuite> <!-- Test -->
