<?xml version="1.0" encoding="UTF-8"?>
<testng-results skipped="0" failed="0" ignored="0" total="1" passed="1">
  <reporter-output>
  </reporter-output>
  <suite name="Default suite" duration-ms="47747" started-at="2018-10-04T03:56:25Z" finished-at="2018-10-04T03:57:13Z">
    <groups>
    </groups>
    <test name="Default test" duration-ms="47747" started-at="2018-10-04T03:56:25Z" finished-at="2018-10-04T03:57:13Z">
      <class name="Scripts.TestCase10">
        <test-method status="PASS" signature="openapp()[pri:0, instance:Scripts.TestCase10@3043fe0e]" name="openapp" is-config="true" duration-ms="26123" started-at="2018-10-04T03:56:25Z" finished-at="2018-10-04T03:56:51Z">
          <reporter-output>
          </reporter-output>
        </test-method> <!-- openapp -->
        <test-method status="PASS" signature="homeandliving()[pri:0, instance:Scripts.TestCase10@3043fe0e]" name="homeandliving" duration-ms="17918" started-at="2018-10-04T03:56:51Z" finished-at="2018-10-04T03:57:09Z">
          <reporter-output>
          </reporter-output>
        </test-method> <!-- homeandliving -->
        <test-method status="PASS" signature="closeapp()[pri:0, instance:Scripts.TestCase10@3043fe0e]" name="closeapp" is-config="true" duration-ms="3677" started-at="2018-10-04T03:57:09Z" finished-at="2018-10-04T03:57:12Z">
          <reporter-output>
          </reporter-output>
        </test-method> <!-- closeapp -->
      </class> <!-- Scripts.TestCase10 -->
    </test> <!-- Default test -->
  </suite> <!-- Default suite -->
</testng-results>
